<?xml version="1.0" encoding="UTF-8"?>
<testng-results skipped="0" failed="1" ignored="0" total="1" passed="0">
  <reporter-output>
  </reporter-output>
  <suite name="Default suite" duration-ms="36207" started-at="2021-01-05T15:09:42 IST" finished-at="2021-01-05T15:10:19 IST">
    <groups>
    </groups>
    <test name="Default test" duration-ms="36207" started-at="2021-01-05T15:09:42 IST" finished-at="2021-01-05T15:10:19 IST">
      <class name="linkedin.searchTests">
        <test-method status="PASS" signature="invokeBrowser()[pri:0, instance:linkedin.searchTests@4d95d2a2]" name="invokeBrowser" is-config="true" duration-ms="7985" started-at="2021-01-05T15:09:42 IST" finished-at="2021-01-05T15:09:50 IST">
          <reporter-output>
          </reporter-output>
        </test-method> <!-- invokeBrowser -->
        <test-method status="FAIL" signature="search_filters_should_be_displayed_test2()[pri:0, instance:linkedin.searchTests@4d95d2a2]" name="search_filters_should_be_displayed_test2" duration-ms="28103" started-at="2021-01-05T15:09:50 IST" finished-at="2021-01-05T15:10:18 IST">
          <exception class="java.lang.AssertionError">
            <message>
              <![CDATA[
Expected: is ["120", "34 comments", "Content"]
     but: was ["People", "Jobs"]]]>
            </message>
            <full-stacktrace>
              <![CDATA[java.lang.AssertionError: 
Expected: is ["120", "34 comments", "Content"]
     but: was ["People", "Jobs"]
at org.hamcrest.MatcherAssert.assertThat(MatcherAssert.java:20)
at org.junit.Assert.assertThat(Assert.java:964)
at org.junit.Assert.assertThat(Assert.java:930)
at linkedin.searchTests.search_filters_should_be_displayed_test2(searchTests.java:78)
at sun.reflect.NativeMethodAccessorImpl.invoke0(Native Method)
at sun.reflect.NativeMethodAccessorImpl.invoke(Unknown Source)
at sun.reflect.DelegatingMethodAccessorImpl.invoke(Unknown Source)
at java.lang.reflect.Method.invoke(Unknown Source)
at org.testng.internal.MethodInvocationHelper.invokeMethod(MethodInvocationHelper.java:132)
at org.testng.internal.TestInvoker.invokeMethod(TestInvoker.java:599)
at org.testng.internal.TestInvoker.invokeTestMethod(TestInvoker.java:174)
at org.testng.internal.MethodRunner.runInSequence(MethodRunner.java:46)
at org.testng.internal.TestInvoker$MethodInvocationAgent.invoke(TestInvoker.java:822)
at org.testng.internal.TestInvoker.invokeTestMethods(TestInvoker.java:147)
at org.testng.internal.TestMethodWorker.invokeTestMethods(TestMethodWorker.java:146)
at org.testng.internal.TestMethodWorker.run(TestMethodWorker.java:128)
at java.util.ArrayList.forEach(Unknown Source)
at org.testng.TestRunner.privateRun(TestRunner.java:764)
at org.testng.TestRunner.run(TestRunner.java:585)
at org.testng.SuiteRunner.runTest(SuiteRunner.java:384)
at org.testng.SuiteRunner.runSequentially(SuiteRunner.java:378)
at org.testng.SuiteRunner.privateRun(SuiteRunner.java:337)
at org.testng.SuiteRunner.run(SuiteRunner.java:286)
at org.testng.SuiteRunnerWorker.runSuite(SuiteRunnerWorker.java:53)
at org.testng.SuiteRunnerWorker.run(SuiteRunnerWorker.java:96)
at org.testng.TestNG.runSuitesSequentially(TestNG.java:1218)
at org.testng.TestNG.runSuitesLocally(TestNG.java:1140)
at org.testng.TestNG.runSuites(TestNG.java:1069)
at org.testng.TestNG.run(TestNG.java:1037)
at org.testng.remote.AbstractRemoteTestNG.run(AbstractRemoteTestNG.java:115)
at org.testng.remote.RemoteTestNG.initAndRun(RemoteTestNG.java:251)
at org.testng.remote.RemoteTestNG.main(RemoteTestNG.java:77)
]]>
            </full-stacktrace>
          </exception> <!-- java.lang.AssertionError -->
          <reporter-output>
          </reporter-output>
        </test-method> <!-- search_filters_should_be_displayed_test2 -->
        <test-method status="PASS" signature="terminateBrowser()[pri:0, instance:linkedin.searchTests@4d95d2a2]" name="terminateBrowser" is-config="true" duration-ms="68" started-at="2021-01-05T15:10:18 IST" finished-at="2021-01-05T15:10:19 IST">
          <reporter-output>
          </reporter-output>
        </test-method> <!-- terminateBrowser -->
      </class> <!-- linkedin.searchTests -->
    </test> <!-- Default test -->
  </suite> <!-- Default suite -->
</testng-results>
